[Licensing::Module] Trying to connect to existing licensing client channel...
[Licensing::IpcConnector] Successfully connected to: "LicenseClient-jacob" at "2026-03-24T04:21:54.0353669Z"
[Licensing::Client] Code 10 while verifying Licensing Client signature (process Id: 19896, path: "C:/Program Files/Unity Hub/UnityLicensingClient_V1/Unity.Licensing.Client.exe")
[Licensing::Module] LicensingClient has failed validation; ignoring
[Licensing::Client] Handshaking with LicensingClient:
  Version:                 1.17.4+4293ba1
  Session Id:              479197932b784f1eabf9d5776f5ad2af
  Correlation Id:          84740ab2e1d64154017cd272c11d91b8
  External correlation Id: 1894142099150756909
  Machine Id:              h9ebF2FxksT7sJ1OEG/MDpJZqFk=
[Licensing::Module] Successfully connected to LicensingClient on channel: "LicenseClient-jacob" (connect: 0.00s, validation: 0.01s, handshake: 0.03s)
[Licensing::IpcConnector] Successfully connected to: "LicenseClient-jacob-notifications" at "2026-03-24T04:21:54.0764085Z"
[Licensing::Module] Error: Access token is unavailable; failed to update
[Licensing::Client] Successfully updated license
Built from '2022.3/respin/2022.3.62f2-4af31df585-v2' branch; Version is '2022.3.62f3 (96770f904ca7) revision 9860879'; Using compiler version '192829333'; Build Type 'Release'
OS: 'Windows 10  (10.0.19045) 64bit Professional' Language: 'en' Physical Memory: 32694 MB
[Licensing::Client] Successfully resolved entitlement details
[Licensing::Module] Serial number assigned to: "F4-29KJ-NQV8-GSFM-EZ6E-XXXX"
[Licensing::Module] Serial number assigned to: "13469143093579-UnityPersXXXX"
BatchMode: 1, IsHumanControllingUs: 0, StartBugReporterOnCrash: 0, Is64bit: 1, IsPro: 0
[Licensing::Client] Successfully resolved entitlement details
[Licensing::Module] Serial number assigned to: "F4-29KJ-NQV8-GSFM-EZ6E-XXXX"
[Licensing::Module] Serial number assigned to: "13469143093579-UnityPersXXXX"

COMMAND LINE ARGUMENTS:
C:\Program Files\Unity\Hub\Editor\2022.3.62f3\Editor\Unity.exe
-quit
-batchmode
-nographics
-projectPath
C:\Users\jacob\KindredSiege-Clean
-logFile
build.log
Successfully changed project path to: C:\Users\jacob\KindredSiege-Clean
C:/Users/jacob/KindredSiege-Clean
[UnityMemory] Configuration Parameters - Can be set up in boot.config
    "memorysetup-bucket-allocator-granularity=16"
    "memorysetup-bucket-allocator-bucket-count=8"
    "memorysetup-bucket-allocator-block-size=33554432"
    "memorysetup-bucket-allocator-block-count=8"
    "memorysetup-main-allocator-block-size=16777216"
    "memorysetup-thread-allocator-block-size=16777216"
    "memorysetup-gfx-main-allocator-block-size=16777216"
    "memorysetup-gfx-thread-allocator-block-size=16777216"
    "memorysetup-cache-allocator-block-size=4194304"
    "memorysetup-typetree-allocator-block-size=2097152"
    "memorysetup-profiler-bucket-allocator-granularity=16"
    "memorysetup-profiler-bucket-allocator-bucket-count=8"
    "memorysetup-profiler-bucket-allocator-block-size=33554432"
    "memorysetup-profiler-bucket-allocator-block-count=8"
    "memorysetup-profiler-allocator-block-size=16777216"
    "memorysetup-profiler-editor-allocator-block-size=1048576"
    "memorysetup-temp-allocator-size-main=16777216"
    "memorysetup-job-temp-allocator-block-size=2097152"
    "memorysetup-job-temp-allocator-block-size-background=1048576"
    "memorysetup-job-temp-allocator-reduction-small-platforms=262144"
    "memorysetup-allocator-temp-initial-block-size-main=262144"
    "memorysetup-allocator-temp-initial-block-size-worker=262144"
    "memorysetup-temp-allocator-size-background-worker=32768"
    "memorysetup-temp-allocator-size-job-worker=262144"
    "memorysetup-temp-allocator-size-preload-manager=33554432"
    "memorysetup-temp-allocator-size-nav-mesh-worker=65536"
    "memorysetup-temp-allocator-size-audio-worker=65536"
    "memorysetup-temp-allocator-size-cloud-worker=32768"
    "memorysetup-temp-allocator-size-gi-baking-worker=262144"
    "memorysetup-temp-allocator-size-gfx=262144"
Player connection [27652]  Target information:

Player connection [27652]  * "[IP] 10.5.0.2 [Port] 55504 [Flags] 2 [Guid] 3582848519 [EditorId] 3582848519 [Version] 1048832 [Id] WindowsEditor(7,DESKTOP-9RLH37G) [Debug] 1 [PackageName] WindowsEditor [ProjectName] Editor" 

Player connection [27652]  * "[IP] 192.168.1.106 [Port] 55504 [Flags] 2 [Guid] 3582848519 [EditorId] 3582848519 [Version] 1048832 [Id] WindowsEditor(7,DESKTOP-9RLH37G) [Debug] 1 [PackageName] WindowsEditor [ProjectName] Editor" 

Player connection [27652] Host joined multi-casting on [225.0.0.222:54997]...
Player connection [27652] Host joined alternative multi-casting on [225.0.0.222:34997]...
Input System module state changed to: Initialized.
[PhysX] Initialized MultithreadedTaskDispatcher with 16 workers.
[Package Manager] UpmClient::Connect -- Connected to IPC stream "Upm-32348" after 0.5 seconds.
[Package Manager] Restoring resolved packages state from cache
[Licensing::Client] Successfully resolved entitlement details
[Package Manager] Registered 47 packages:
  Packages from [https://packages.unity.com]:
    com.unity.collab-proxy@2.11.4 (location: C:\Users\jacob\KindredSiege-Clean\Library\PackageCache\com.unity.collab-proxy@2.11.4)
    com.unity.textmeshpro@3.0.7 (location: C:\Users\jacob\KindredSiege-Clean\Library\PackageCache\com.unity.textmeshpro@3.0.7)
    com.unity.timeline@1.7.7 (location: C:\Users\jacob\KindredSiege-Clean\Library\PackageCache\com.unity.timeline@1.7.7)
    com.unity.visualscripting@1.9.4 (location: C:\Users\jacob\KindredSiege-Clean\Library\PackageCache\com.unity.visualscripting@1.9.4)
    com.unity.ide.visualstudio@2.0.22 (location: C:\Users\jacob\KindredSiege-Clean\Library\PackageCache\com.unity.ide.visualstudio@2.0.22)
    com.unity.ide.rider@3.0.36 (location: C:\Users\jacob\KindredSiege-Clean\Library\PackageCache\com.unity.ide.rider@3.0.36)
    com.unity.ide.vscode@1.2.5 (location: C:\Users\jacob\KindredSiege-Clean\Library\PackageCache\com.unity.ide.vscode@1.2.5)
    com.unity.editorcoroutines@1.0.0 (location: C:\Users\jacob\KindredSiege-Clean\Library\PackageCache\com.unity.editorcoroutines@1.0.0)
    com.unity.performance.profile-analyzer@1.2.3 (location: C:\Users\jacob\KindredSiege-Clean\Library\PackageCache\com.unity.performance.profile-analyzer@1.2.3)
    com.unity.test-framework@1.1.33 (location: C:\Users\jacob\KindredSiege-Clean\Library\PackageCache\com.unity.test-framework@1.1.33)
    com.unity.testtools.codecoverage@1.2.6 (location: C:\Users\jacob\KindredSiege-Clean\Library\PackageCache\com.unity.testtools.codecoverage@1.2.6)
    com.unity.settings-manager@2.1.0 (location: C:\Users\jacob\KindredSiege-Clean\Library\PackageCache\com.unity.settings-manager@2.1.0)
    com.unity.ext.nunit@1.0.6 (location: C:\Users\jacob\KindredSiege-Clean\Library\PackageCache\com.unity.ext.nunit@1.0.6)
  Built-in packages:
    com.unity.feature.development@1.0.1 (location: C:\Users\jacob\KindredSiege-Clean\Library\PackageCache\com.unity.feature.development@1.0.1)
    com.unity.ugui@1.0.0 (location: C:\Users\jacob\KindredSiege-Clean\Library\PackageCache\com.unity.ugui@1.0.0)
    com.unity.modules.ai@1.0.0 (location: C:\Users\jacob\KindredSiege-Clean\Library\PackageCache\com.unity.modules.ai@1.0.0)
    com.unity.modules.androidjni@1.0.0 (location: C:\Users\jacob\KindredSiege-Clean\Library\PackageCache\com.unity.modules.androidjni@1.0.0)
    com.unity.modules.animation@1.0.0 (location: C:\Users\jacob\KindredSiege-Clean\Library\PackageCache\com.unity.modules.animation@1.0.0)
    com.unity.modules.assetbundle@1.0.0 (location: C:\Users\jacob\KindredSiege-Clean\Library\PackageCache\com.unity.modules.assetbundle@1.0.0)
    com.unity.modules.audio@1.0.0 (location: C:\Users\jacob\KindredSiege-Clean\Library\PackageCache\com.unity.modules.audio@1.0.0)
    com.unity.modules.cloth@1.0.0 (location: C:\Users\jacob\KindredSiege-Clean\Library\PackageCache\com.unity.modules.cloth@1.0.0)
    com.unity.modules.director@1.0.0 (location: C:\Users\jacob\KindredSiege-Clean\Library\PackageCache\com.unity.modules.director@1.0.0)
    com.unity.modules.imageconversion@1.0.0 (location: C:\Users\jacob\KindredSiege-Clean\Library\PackageCache\com.unity.modules.imageconversion@1.0.0)
    com.unity.modules.imgui@1.0.0 (location: C:\Users\jacob\KindredSiege-Clean\Library\PackageCache\com.unity.modules.imgui@1.0.0)
    com.unity.modules.jsonserialize@1.0.0 (location: C:\Users\jacob\KindredSiege-Clean\Library\PackageCache\com.unity.modules.jsonserialize@1.0.0)
    com.unity.modules.particlesystem@1.0.0 (location: C:\Users\jacob\KindredSiege-Clean\Library\PackageCache\com.unity.modules.particlesystem@1.0.0)
    com.unity.modules.physics@1.0.0 (location: C:\Users\jacob\KindredSiege-Clean\Library\PackageCache\com.unity.modules.physics@1.0.0)
    com.unity.modules.physics2d@1.0.0 (location: C:\Users\jacob\KindredSiege-Clean\Library\PackageCache\com.unity.modules.physics2d@1.0.0)
    com.unity.modules.screencapture@1.0.0 (location: C:\Users\jacob\KindredSiege-Clean\Library\PackageCache\com.unity.modules.screencapture@1.0.0)
    com.unity.modules.terrain@1.0.0 (location: C:\Users\jacob\KindredSiege-Clean\Library\PackageCache\com.unity.modules.terrain@1.0.0)
    com.unity.modules.terrainphysics@1.0.0 (location: C:\Users\jacob\KindredSiege-Clean\Library\PackageCache\com.unity.modules.terrainphysics@1.0.0)
    com.unity.modules.tilemap@1.0.0 (location: C:\Users\jacob\KindredSiege-Clean\Library\PackageCache\com.unity.modules.tilemap@1.0.0)
    com.unity.modules.ui@1.0.0 (location: C:\Users\jacob\KindredSiege-Clean\Library\PackageCache\com.unity.modules.ui@1.0.0)
    com.unity.modules.uielements@1.0.0 (location: C:\Users\jacob\KindredSiege-Clean\Library\PackageCache\com.unity.modules.uielements@1.0.0)
    com.unity.modules.umbra@1.0.0 (location: C:\Users\jacob\KindredSiege-Clean\Library\PackageCache\com.unity.modules.umbra@1.0.0)
    com.unity.modules.unityanalytics@1.0.0 (location: C:\Users\jacob\KindredSiege-Clean\Library\PackageCache\com.unity.modules.unityanalytics@1.0.0)
    com.unity.modules.unitywebrequest@1.0.0 (location: C:\Users\jacob\KindredSiege-Clean\Library\PackageCache\com.unity.modules.unitywebrequest@1.0.0)
    com.unity.modules.unitywebrequestassetbundle@1.0.0 (location: C:\Users\jacob\KindredSiege-Clean\Library\PackageCache\com.unity.modules.unitywebrequestassetbundle@1.0.0)
    com.unity.modules.unitywebrequestaudio@1.0.0 (location: C:\Users\jacob\KindredSiege-Clean\Library\PackageCache\com.unity.modules.unitywebrequestaudio@1.0.0)
    com.unity.modules.unitywebrequesttexture@1.0.0 (location: C:\Users\jacob\KindredSiege-Clean\Library\PackageCache\com.unity.modules.unitywebrequesttexture@1.0.0)
    com.unity.modules.unitywebrequestwww@1.0.0 (location: C:\Users\jacob\KindredSiege-Clean\Library\PackageCache\com.unity.modules.unitywebrequestwww@1.0.0)
    com.unity.modules.vehicles@1.0.0 (location: C:\Users\jacob\KindredSiege-Clean\Library\PackageCache\com.unity.modules.vehicles@1.0.0)
    com.unity.modules.video@1.0.0 (location: C:\Users\jacob\KindredSiege-Clean\Library\PackageCache\com.unity.modules.video@1.0.0)
    com.unity.modules.vr@1.0.0 (location: C:\Users\jacob\KindredSiege-Clean\Library\PackageCache\com.unity.modules.vr@1.0.0)
    com.unity.modules.wind@1.0.0 (location: C:\Users\jacob\KindredSiege-Clean\Library\PackageCache\com.unity.modules.wind@1.0.0)
    com.unity.modules.xr@1.0.0 (location: C:\Users\jacob\KindredSiege-Clean\Library\PackageCache\com.unity.modules.xr@1.0.0)
    com.unity.modules.subsystems@1.0.0 (location: C:\Users\jacob\KindredSiege-Clean\Library\PackageCache\com.unity.modules.subsystems@1.0.0)
[Subsystems] No new subsystems found in resolved package list.
Package Manager log level set to [2]
[Package Manager] Done registering packages in 0.08 seconds
Artifact Garbage Collection - Removed 1 unused hashed content files
Refreshing native plugins compatible for Editor in 61.28 ms, found 3 plugins.
Preloading 0 native plugins for Editor in 0.00 ms.
Initialize engine version: 2022.3.62f3 (96770f904ca7)
[Subsystems] Discovering subsystems at path C:/Program Files/Unity/Hub/Editor/2022.3.62f3/Editor/Data/Resources/UnitySubsystems
[Subsystems] Discovering subsystems at path C:/Users/jacob/KindredSiege-Clean/Assets
Forcing GfxDevice: Null
GfxDevice: creating device client; threaded=0; jobified=0
NullGfxDevice:
    Version:  NULL 1.0 [1.0]
    Renderer: Null Device
    Vendor:   Unity Technologies
[Licensing::Client] Successfully resolved entitlement details
[Licensing::Module] Serial number assigned to: "F4-29KJ-NQV8-GSFM-EZ6E-XXXX"
[Licensing::Module] Serial number assigned to: "13469143093579-UnityPersXXXX"
Initialize mono
Mono path[0] = 'C:/Program Files/Unity/Hub/Editor/2022.3.62f3/Editor/Data/Managed'
Mono path[1] = 'C:/Program Files/Unity/Hub/Editor/2022.3.62f3/Editor/Data/MonoBleedingEdge/lib/mono/unityjit-win32'
Mono config path = 'C:/Program Files/Unity/Hub/Editor/2022.3.62f3/Editor/Data/MonoBleedingEdge/etc'
Using monoOptions --debugger-agent=transport=dt_socket,embedding=1,server=y,suspend=n,address=127.0.0.1:56348
Using cacheserver namespaces - metadata:defaultmetadata, artifacts:defaultartifacts
Using cacheserver namespaces - metadata:defaultmetadata, artifacts:defaultartifacts
ImportWorker Server TCP listen port: 0
Begin MonoManager ReloadAssembly
Registering precompiled unity dll's ...
[Licensing::Client] Successfully resolved entitlement details
[Licensing::Module] Serial number assigned to: "F4-29KJ-NQV8-GSFM-EZ6E-XXXX"
[Licensing::Module] Serial number assigned to: "13469143093579-UnityPersXXXX"
Register platform support module: C:/Program Files/Unity/Hub/Editor/2022.3.62f3/Editor/Data/PlaybackEngines/AndroidPlayer/UnityEditor.Android.Extensions.dll
Register platform support module: C:/Program Files/Unity/Hub/Editor/2022.3.62f3/Editor/Data/PlaybackEngines/WindowsStandaloneSupport/UnityEditor.WindowsStandalone.Extensions.dll
Registered in 0.022639 seconds.
- Loaded All Assemblies, in  0.798 seconds
Native extension for WindowsStandalone target not found
Native extension for Android target not found
Android Extension - Scanning For ADB Devices 2192 ms
Mono: successfully reloaded assembly
- Finished resetting the current domain, in  2.440 seconds
Domain Reload Profiling: 3236ms
	BeginReloadAssembly (86ms)
		ExecutionOrderSort (0ms)
		DisableScriptedObjects (0ms)
		BackupInstance (0ms)
		ReleaseScriptingObjects (0ms)
		CreateAndSetChildDomain (1ms)
	RebuildCommonClasses (162ms)
	RebuildNativeTypeToScriptingClass (8ms)
	initialDomainReloadingComplete (66ms)
	LoadAllAssembliesAndSetupDomain (473ms)
		LoadAssemblies (85ms)
		RebuildTransferFunctionScriptingTraits (0ms)
		AnalyzeDomain (471ms)
			TypeCache.Refresh (470ms)
				TypeCache.ScanAssembly (287ms)
			ScanForSourceGeneratedMonoScriptInfo (0ms)
			ResolveRequiredComponents (0ms)
	FinalizeReload (2441ms)
		ReleaseScriptCaches (0ms)
		RebuildScriptCaches (0ms)
		SetupLoadedEditorAssemblies (2406ms)
			LogAssemblyErrors (0ms)
			InitializePlatformSupportModulesInManaged (2266ms)
			SetLoadedEditorAssemblies (4ms)
			RefreshPlugins (0ms)
			BeforeProcessingInitializeOnLoad (2ms)
			ProcessInitializeOnLoadAttributes (89ms)
			ProcessInitializeOnLoadMethodAttributes (46ms)
			AfterProcessingInitializeOnLoad (0ms)
			EditorAssembliesLoaded (0ms)
		ExecutionOrderSort2 (0ms)
		AwakeInstancesAfterBackupRestoration (0ms)
[Licensing::Client] Successfully resolved entitlement details
[Licensing::Module] Serial number assigned to: "F4-29KJ-NQV8-GSFM-EZ6E-XXXX"
[Licensing::Module] Serial number assigned to: "13469143093579-UnityPersXXXX"
Application.AssetDatabase Initial Refresh Start
[ScriptCompilation] Requested script compilation because: Assetdatabase observed changes in script compilation related files
info: Microsoft.Hosting.Lifetime[14]
      Now listening on: http://localhost:80
info: Microsoft.Hosting.Lifetime[0]
      Application started. Press Ctrl+C to shut down.
info: Microsoft.Hosting.Lifetime[0]
      Hosting environment: Production
info: Microsoft.Hosting.Lifetime[0]
      Content root path: C:\Users\jacob\KindredSiege-Clean\
info: Microsoft.AspNetCore.Hosting.Diagnostics[1]
      Request starting HTTP/2 POST http://ilpp/UnityILPP.PostProcessing/Ping application/grpc -
info: Microsoft.AspNetCore.Routing.EndpointMiddleware[0]
      Executing endpoint 'gRPC - /UnityILPP.PostProcessing/Ping'
info: Microsoft.AspNetCore.Routing.EndpointMiddleware[1]
      Executed endpoint 'gRPC - /UnityILPP.PostProcessing/Ping'
info: Microsoft.AspNetCore.Hosting.Diagnostics[2]
      Request finished HTTP/2 POST http://ilpp/UnityILPP.PostProcessing/Ping application/grpc - - 200 - application/grpc 30.3031ms
Starting: C:\Program Files\Unity\Hub\Editor\2022.3.62f3\Editor\Data\bee_backend.exe --ipc --defer-dag-verification --dagfile="Library/Bee/1900b0aE.dag" --continue-on-failure --profile="Library/Bee/backend1.traceevents" ScriptAssemblies
WorkingDir: C:/Users/jacob/KindredSiege-Clean
DisplayProgressbar: Compiling Scripts
ExitCode: 4 Duration: 0s813ms
Rebuilding DAG because FileSignature timestamp changed: Library/Bee/1900b0aE-inputdata.json
*** Tundra requires additional run (0.79 seconds), 1 items updated, 351 evaluated
Starting: C:\Program Files\Unity\Hub\Editor\2022.3.62f3\Editor\Data\Tools\netcorerun\netcorerun.exe "C:\Program Files\Unity\Hub\Editor\2022.3.62f3\Editor\Data\Tools\BuildPipeline\ScriptCompilationBuildProgram.exe" "Library/Bee/1900b0aE.dag.json" "Library/Bee/1900b0aE-inputdata.json" "Library\Bee\buildprogram0.traceevents"
WorkingDir: C:/Users/jacob/KindredSiege-Clean
ExitCode: 0 Duration: 0s230ms
Starting: C:\Program Files\Unity\Hub\Editor\2022.3.62f3\Editor\Data\bee_backend.exe --ipc --defer-dag-verification --dagfile="Library/Bee/1900b0aE.dag" --continue-on-failure --dagfilejson="Library\Bee\1900b0aE.dag.json" --profile="Library/Bee/backend2.traceevents" ScriptAssemblies
WorkingDir: C:/Users/jacob/KindredSiege-Clean
ExitCode: 0 Duration: 0s636ms
Finished compiling graph: 358 nodes, 4253 flattened edges (3797 ToBuild, 58 ToUse), maximum node priority 280
[214/355    0s] WriteText Library/Bee/artifacts/1900b0aE.dag/Assembly-CSharp.rsp
[352/355    0s] Csc Library/Bee/artifacts/1900b0aE.dag/Assembly-CSharp.dll (+2 others)
[353/355    0s] CopyFiles Library/ScriptAssemblies/Assembly-CSharp.pdb
[354/355    0s] CopyFiles Library/ScriptAssemblies/Assembly-CSharp.dll
*** Tundra build success (0.62 seconds), 4 items updated, 355 evaluated
AssetDatabase: script compilation time: 2.230131s
Begin MonoManager ReloadAssembly
Total cache size 84473588
Total cache size after purge 84473588
- Loaded All Assemblies, in  0.651 seconds
Refreshing native plugins compatible for Editor in 3.69 ms, found 3 plugins.
Preloading 0 native plugins for Editor in 0.00 ms.
Start importing Assets/Scripts/Battle/TraumaPhobiaSystem.cs using Guid(805e1506f453a274d9e3b9fcaf6c8ed5) Importer(-1,00000000000000000000000000000000) [PhysX] Initialized MultithreadedTaskDispatcher with 16 workers.
 -> (artifact id: 'd9434efa0836419b4d871726d22faaf6') in 0.010904 seconds
Start importing Assets/Scripts/Battle/BattleEnums.cs using Guid(906e3062b182c234c81b8bf4b2b372ce) Importer(-1,00000000000000000000000000000000) [PhysX] Initialized MultithreadedTaskDispatcher with 16 workers.
 -> (artifact id: '2f34d9a79138f5845756e01aba701084') in 0.001613 seconds
Start importing Assets/Scripts/UI/CityHUD.cs using Guid(f0655213e0ca75548b9361adb108eff8) Importer(-1,00000000000000000000000000000000) [PhysX] Initialized MultithreadedTaskDispatcher with 16 workers.
 -> (artifact id: 'fd9b1fbd1b9903bf251ecdb2a4497d09') in 0.001396 seconds
Start importing Assets/Scripts/UI/BattleHUD.cs using Guid(d1cc55f8042614345b7294aea9a8214e) Importer(-1,00000000000000000000000000000000) [PhysX] Initialized MultithreadedTaskDispatcher with 16 workers.
 -> (artifact id: '048f6074eb700877a7e21d63401bbdc7') in 0.001538 seconds
Start importing Assets/Scripts/Battle/DirectiveSystem.cs using Guid(03b1333b6f9732847926fcb1f537b09b) Importer(-1,00000000000000000000000000000000) [PhysX] Initialized MultithreadedTaskDispatcher with 16 workers.
 -> (artifact id: 'a5c176a018811548028ee0b90548efab') in 0.001626 seconds
Start importing Assets/Scripts/Core/SaveData.cs using Guid(13df2592c6c8c1b40aebe0a26fc5665c) Importer(-1,00000000000000000000000000000000) [PhysX] Initialized MultithreadedTaskDispatcher with 16 workers.
 -> (artifact id: '538f608785ef9f5806b7803f573c81d4') in 0.009431 seconds
Start importing Assets/Scripts/Rivalry/RivalryEngine.cs using Guid(53c65e27bac32be4ba9a1cb306c1b105) Importer(-1,00000000000000000000000000000000) [PhysX] Initialized MultithreadedTaskDispatcher with 16 workers.
 -> (artifact id: 'aeae97789c305c5411f4ee0a990fdb6d') in 0.001779 seconds
Start importing Assets/Scripts/Battle/RosterManager.cs using Guid(7599cc047f975bb4dbe8334ce033dedb) Importer(-1,00000000000000000000000000000000) [PhysX] Initialized MultithreadedTaskDispatcher with 16 workers.
 -> (artifact id: '190fcadee174313f3ddf161cb767c590') in 0.001663 seconds
Start importing Assets/Scripts/City/CityManager.cs using Guid(95fd9144bd5d22344abeff23c9478d6c) Importer(-1,00000000000000000000000000000000) [PhysX] Initialized MultithreadedTaskDispatcher with 16 workers.
 -> (artifact id: '7e7fe1f679599ba8e5ec3cb596360770') in 0.002018 seconds
Start importing Assets/Scripts/Battle/BattleManager.cs using Guid(168a075fba5a43747877f9791a05c810) Importer(-1,00000000000000000000000000000000) [PhysX] Initialized MultithreadedTaskDispatcher with 16 workers.
 -> (artifact id: 'cf7cbc5a9327318a2dda289ba2558268') in 0.001423 seconds
Start importing Assets/Scripts/Battle/UnitController.cs using Guid(57392377124255b44aadd9fcfc2df546) Importer(-1,00000000000000000000000000000000) [PhysX] Initialized MultithreadedTaskDispatcher with 16 workers.
 -> (artifact id: 'e3a7a6a5a926ca6395f3b95b4aa7758c') in 0.001532 seconds
Start importing Assets/Scripts/Battle/BehaviourTree/BattleActions.cs using Guid(f7d4134a8cc0b6e4ba5350f8a4ee3b23) Importer(-1,00000000000000000000000000000000) [PhysX] Initialized MultithreadedTaskDispatcher with 16 workers.
 -> (artifact id: 'f01ec2584c07a50d6426a7b2e5aa67ec') in 0.001615 seconds
Start importing Assets/Scripts/Core/ResourceManager.cs using Guid(784b09cf5d371cf4b8d717d87395e64f) Importer(-1,00000000000000000000000000000000) [PhysX] Initialized MultithreadedTaskDispatcher with 16 workers.
 -> (artifact id: 'c284fcf55b82130105b226da1bf3d0ce') in 0.001373 seconds
Start importing Assets/Scripts/Battle/BattleGrid.cs using Guid(c94a193a3d85f9c418fffa19eac64d4d) Importer(-1,00000000000000000000000000000000) [PhysX] Initialized MultithreadedTaskDispatcher with 16 workers.
 -> (artifact id: '102a6f6a1e96c2dd05449369aef084b3') in 0.001368 seconds
Start importing Assets/Scripts/UI/SeasonEndPanel.cs using Guid(f9af1521d936b2d418a5683e9ad5a8c9) Importer(-1,00000000000000000000000000000000) [PhysX] Initialized MultithreadedTaskDispatcher with 16 workers.
 -> (artifact id: '494124eb7fed631f1c59946a02b1a65e') in 0.008448 seconds
Start importing Assets/Scripts/Units/UnitData.cs using Guid(fb16f79b272eb1e4da14167a79540f60) Importer(-1,00000000000000000000000000000000) [PhysX] Initialized MultithreadedTaskDispatcher with 16 workers.
 -> (artifact id: '8c18638901447724f2680f3a74b65f65') in 0.001799 seconds
Start importing Assets/Scripts/Battle/HazardType.cs using Guid(0cf864d4380d2a447826826d016e4473) Importer(-1,00000000000000000000000000000000) [PhysX] Initialized MultithreadedTaskDispatcher with 16 workers.
 -> (artifact id: '9f85a9b498c71eaf5655fd386820030b') in 0.007450 seconds
Start importing Assets/Scripts/Core/GameManager.cs using Guid(fd10b05a982ad3d4d91ac56dc7e0e290) Importer(-1,00000000000000000000000000000000) [PhysX] Initialized MultithreadedTaskDispatcher with 16 workers.
 -> (artifact id: 'ff7d9d81ce181d73b74b6266e20e541f') in 0.001865 seconds
Start importing Assets/Scripts/Core/SaveManager.cs using Guid(bfe3b1f754c86994faae3d4c5af066bf) Importer(-1,00000000000000000000000000000000) [PhysX] Initialized MultithreadedTaskDispatcher with 16 workers.
 -> (artifact id: '7931733f15805b6009daff9336ddf391') in 0.008308 seconds
Refreshing native plugins compatible for Editor in 3.84 ms, found 3 plugins.
Native extension for WindowsStandalone target not found
Native extension for Android target not found
Mono: successfully reloaded assembly
- Finished resetting the current domain, in  0.408 seconds
Domain Reload Profiling: 1055ms
	BeginReloadAssembly (130ms)
		ExecutionOrderSort (0ms)
		DisableScriptedObjects (4ms)
		BackupInstance (0ms)
		ReleaseScriptingObjects (0ms)
		CreateAndSetChildDomain (25ms)
	RebuildCommonClasses (24ms)
	RebuildNativeTypeToScriptingClass (7ms)
	initialDomainReloadingComplete (27ms)
	LoadAllAssembliesAndSetupDomain (459ms)
		LoadAssemblies (397ms)
		RebuildTransferFunctionScriptingTraits (0ms)
		AnalyzeDomain (130ms)
			TypeCache.Refresh (113ms)
				TypeCache.ScanAssembly (103ms)
			ScanForSourceGeneratedMonoScriptInfo (11ms)
			ResolveRequiredComponents (4ms)
	FinalizeReload (408ms)
		ReleaseScriptCaches (0ms)
		RebuildScriptCaches (0ms)
		SetupLoadedEditorAssemblies (309ms)
			LogAssemblyErrors (0ms)
			InitializePlatformSupportModulesInManaged (14ms)
			SetLoadedEditorAssemblies (3ms)
			RefreshPlugins (0ms)
			BeforeProcessingInitializeOnLoad (34ms)
			ProcessInitializeOnLoadAttributes (229ms)
			ProcessInitializeOnLoadMethodAttributes (19ms)
			AfterProcessingInitializeOnLoad (9ms)
			EditorAssembliesLoaded (0ms)
		ExecutionOrderSort2 (0ms)
		AwakeInstancesAfterBackupRestoration (4ms)
Refreshing native plugins compatible for Editor in 3.56 ms, found 3 plugins.
Preloading 0 native plugins for Editor in 0.00 ms.
Asset Pipeline Refresh (id=f39cf6143ac01e94583ae91e459e6be8): Total: 4.742 seconds - Initiated by InitialRefreshV2(ForceSynchronousImport)
	Summary:
		Imports: total=19 (actual=19, local cache=0, cache server=0)
		Asset DB Process Time: managed=2 ms, native=1217 ms
		Asset DB Callback time: managed=140 ms, native=7 ms
		Scripting: domain reloads=1, domain reload time=1112 ms, compile time=2232 ms, other=30 ms
		Project Asset Count: scripts=3953, non-scripts=671
		Asset File Changes: new=4, changed=19, moved=0, deleted=0
		Scan Filter Count: 0
	InvokeBeforeRefreshCallbacks: 1.016ms
	ApplyChangesToAssetFolders: 0.057ms
	Scan: 56.033ms
	OnSourceAssetsModified: 1.857ms
	GetAllGuidsForCategorization: 0.617ms
	CategorizeAssets: 64.580ms
	ImportOutOfDateAssets: 544.394ms (-1815.674ms without children)
		ImportManagerImport: 105.699ms (25.979ms without children)
			ImportInProcess: 79.561ms
			UpdateCategorizedAssets: 0.159ms
		CompileScripts: 2231.708ms
		ReloadNativeAssets: 0.001ms
		UnloadImportedAssets: 17.649ms
		ReloadImportedAssets: 3.417ms
		EnsureUptoDateAssetsAreRegisteredWithGuidPM: 0.836ms
		InitializingProgressBar: 0.004ms
		PostProcessAllAssetNotificationsAddChangedAssets: 0.000ms
		OnDemandSchedulerStart: 0.754ms
	PostProcessAllAssets: 140.560ms
	Hotreload: 4.431ms
	GatherAllCurrentPrimaryArtifactRevisions: 0.001ms
	UnloadStreamsBegin: 0.442ms
	PersistCurrentRevisions: 0.289ms
	UnloadStreamsEnd: 0.011ms
	GenerateScriptTypeHashes: 0.393ms
	Untracked: 3927.663ms
Application.AssetDatabase Initial Refresh End
Scanning for USB devices : 45.803ms
Initializing Unity extensions:
[Licensing::Client] Successfully resolved entitlement details
[Licensing::Module] Serial number assigned to: "F4-29KJ-NQV8-GSFM-EZ6E-XXXX"
[Licensing::Module] Serial number assigned to: "13469143093579-UnityPersXXXX"
[MODES] ModeService[none].Initialize
[MODES] ModeService[none].LoadModes
[MODES] Loading mode Default (0) for mode-current-id-KindredSiege-Clean
[PhysX] Initialized MultithreadedTaskDispatcher with 16 workers.
ProgressiveSceneManager::Cancel()
Unloading 3 Unused Serialized files (Serialized files now loaded: 0)
Unloading 47 unused Assets / (478.5 KB). Loaded Objects now: 3824.
Memory consumption went from 109.0 MB to 108.6 MB.
Total: 3.717900 ms (FindLiveObjects: 0.199300 ms CreateObjectMapping: 0.072800 ms MarkObjects: 3.201500 ms  DeleteObjects: 0.243800 ms)

Batchmode quit successfully invoked - shutting down!
Curl error 42: Callback aborted
Killing ADB server in 0.0403554 seconds.
[PhysX] Initialized MultithreadedTaskDispatcher with 16 workers.
Input System module state changed to: ShutdownInProgress.
Input System polling thread exited.
Input System module state changed to: Shutdown.
[Licensing::IpcConnector] LicenseClient-jacob-notifications channel disconnected successfully.
[Licensing::IpcConnector] LicenseClient-jacob channel disconnected successfully.
Cleanup mono
abort_threads: Failed aborting id: 0000000000004724, mono_thread_manage will ignore it

abort_threads: Failed aborting id: 0000000000006548, mono_thread_manage will ignore it

abort_threads: Failed aborting id: 0000000000004724, mono_thread_manage will ignore it

abort_threads: Failed aborting id: 0000000000006548, mono_thread_manage will ignore it

debugger-agent: Unable to listen on 4436
[Performance] WinEditorMain                                                                                                  :        1 samples, Peak.  2.36 s (1.0x), Avg.  2.36 s, Total. 2.362 s (17.4%)
[Performance] WinEditorMain.ConfigureCrashHandler                                                                            :        1 samples, Peak.  17.8 us (1.0x), Avg.  17.8 us, Total. 17.80 us (0.0%)
[Performance] WinEditorMain.CurlRequestInitialize                                                                            :        1 samples, Peak.   303 us (1.0x), Avg.   303 us, Total. 302.8 us (0.0%)
[Performance] WinEditorMain.SetupLogFile                                                                                     :        1 samples, Peak.   439 us (1.0x), Avg.   439 us, Total. 438.9 us (0.0%)
[Performance] WinEditorMain.RunNativeTestsIfRequiredAndExit                                                                  :        1 samples, Peak. 100.0 ns (1.0x), Avg. 100.0 ns, Total. 100.00 ns (0.0%)
[Performance] WinEditorMain.Licensing                                                                                        :        1 samples, Peak.  2.35 s (1.0x), Avg.  2.35 s, Total. 2.346 s (17.3%)
[Performance] WinEditorMain.InitializeCrashHandler                                                                           :        1 samples, Peak.  11.9 ms (1.0x), Avg.  11.9 ms, Total. 11.91 ms (0.1%)
[Performance] WinEditorMain.CreateApplication                                                                                :        1 samples, Peak.   236 us (1.0x), Avg.   236 us, Total. 235.8 us (0.0%)
[Performance] Application.InitializeProject                                                                                  :        1 samples, Peak.  9.29 s (1.0x), Avg.  9.29 s, Total. 9.292 s (68.5%)
[Performance] Application.PackageManager.StartServer                                                                         :        1 samples, Peak.  3.02 ms (1.0x), Avg.  3.02 ms, Total. 3.020 ms (0.0%)
[Performance] Application.AcquireProjectLock                                                                                 :        1 samples, Peak.  5.01 ms (1.0x), Avg.  5.01 ms, Total. 5.008 ms (0.0%)
[Performance] Application.InitializeEngineNoGraphics                                                                         :        1 samples, Peak.  98.5 ms (1.0x), Avg.  98.5 ms, Total. 98.49 ms (0.7%)
[Performance] Application.PackageManager.Initialize                                                                          :        1 samples, Peak.   520 ms (1.0x), Avg.   520 ms, Total. 520.1 ms (3.8%)
[Performance] Connecting to Package Manager                                                                                  :       53 samples, Peak.  52.5 us (41.0x), Avg.  1.28 us, Total. 67.80 us (0.0%)
[Performance] Application.EngineGraphics.Initialize                                                                          :        1 samples, Peak.  38.1 ms (1.0x), Avg.  38.1 ms, Total. 38.14 ms (0.3%)
[Performance] Application.GI.Initialize                                                                                      :        1 samples, Peak.  2.83 ms (1.0x), Avg.  2.83 ms, Total. 2.827 ms (0.0%)
[Performance] Application.LoadAllDefaultResourcesFromEditor                                                                  :        1 samples, Peak.  1.45 ms (1.0x), Avg.  1.45 ms, Total. 1.449 ms (0.0%)
[Performance] Application.LoadMonoAssemblies                                                                                 :        1 samples, Peak.  3.25 s (1.0x), Avg.  3.25 s, Total. 3.254 s (24.0%)
[Performance] RestoreManagedReferences                                                                                       :        2 samples, Peak.  42.1 ms (2.0x), Avg.  21.1 ms, Total. 42.13 ms (0.3%)
[Performance] InitializeOnLoad DrivenRectTransformUndo                                                                       :        2 samples, Peak.   341 us (1.0x), Avg.   329 us, Total. 657.6 us (0.0%)
[Performance] InitializeOnLoad SceneSearch                                                                                   :        2 samples, Peak.   108 us (1.1x), Avg.  95.7 us, Total. 191.4 us (0.0%)
[Performance] InitializeOnLoad CloudBuild                                                                                    :        2 samples, Peak.  4.60 us (1.2x), Avg.  3.75 us, Total. 7.500 us (0.0%)
[Performance] InitializeOnLoad NativeFormatImporterUtility                                                                   :        2 samples, Peak.  2.00 ms (1.2x), Avg.  1.63 ms, Total. 3.253 ms (0.0%)
[Performance] InitializeOnLoad SearchService                                                                                 :        2 samples, Peak.   118 us (1.1x), Avg.   108 us, Total. 216.5 us (0.0%)
[Performance] InitializeOnLoad SettingsService                                                                               :        2 samples, Peak.  9.50 us (1.2x), Avg.  8.15 us, Total. 16.30 us (0.0%)
[Performance] InitializeOnLoad WindowLayout                                                                                  :        2 samples, Peak.   254 us (1.2x), Avg.   220 us, Total. 439.0 us (0.0%)
[Performance] InitializeOnLoad AssetStoreContext                                                                             :        2 samples, Peak.  18.5 ms (1.7x), Avg.  10.8 ms, Total. 21.56 ms (0.2%)
[Performance] InitializeOnLoad PoolManager                                                                                   :        2 samples, Peak.   494 us (1.1x), Avg.   468 us, Total. 936.0 us (0.0%)
[Performance] InitializeOnLoad MixerEffectDefinitionReloader                                                                 :        2 samples, Peak.  2.10 ms (1.3x), Avg.  1.67 ms, Total. 3.343 ms (0.0%)
[Performance] InitializeOnLoad ProjectSearch                                                                                 :        2 samples, Peak.  99.9 us (1.5x), Avg.  68.3 us, Total. 136.6 us (0.0%)
[Performance] InitializeOnLoad UISystemProfilerRenderService                                                                 :        2 samples, Peak.  6.80 us (1.1x), Avg.  6.05 us, Total. 12.10 us (0.0%)
[Performance] InitializeOnLoad EditMode                                                                                      :        2 samples, Peak.   326 us (1.1x), Avg.   302 us, Total. 604.0 us (0.0%)
[Performance] InitializeOnLoad UnityConnect                                                                                  :        2 samples, Peak.  43.4 us (1.0x), Avg.  42.2 us, Total. 84.40 us (0.0%)
[Performance] InitializeOnLoad ManagedDebugger                                                                               :        2 samples, Peak.   491 us (1.0x), Avg.   471 us, Total. 941.6 us (0.0%)
[Performance] InitializeOnLoad ShortcutIntegration                                                                           :        2 samples, Peak.  49.6 us (1.0x), Avg.  48.6 us, Total. 97.20 us (0.0%)
[Performance] InitializeOnLoad AddComponentWindow                                                                            :        2 samples, Peak.  91.6 us (1.1x), Avg.  86.0 us, Total. 172.0 us (0.0%)
[Performance] InitializeOnLoad ManagedDebuggerWindow                                                                         :        2 samples, Peak.   109 us (1.0x), Avg.   105 us, Total. 210.2 us (0.0%)
[Performance] InitializeOnLoad CacheServerWindow                                                                             :        2 samples, Peak.  9.90 us (1.2x), Avg.  8.15 us, Total. 16.30 us (0.0%)
[Performance] InitializeOnLoad PlayModeDownload                                                                              :        2 samples, Peak.  2.47 ms (1.9x), Avg.  1.28 ms, Total. 2.556 ms (0.0%)
[Performance] InitializeOnLoad MenuItems                                                                                     :        2 samples, Peak.  77.6 us (1.1x), Avg.  69.9 us, Total. 139.8 us (0.0%)
[Performance] InitializeOnLoad PrefabInstanceChangedListener                                                                 :        2 samples, Peak.   120 us (1.1x), Avg.   113 us, Total. 225.4 us (0.0%)
[Performance] InitializeOnLoad ObjectSelectorSearch                                                                          :        2 samples, Peak.  38.1 us (1.1x), Avg.  34.7 us, Total. 69.50 us (0.0%)
[Performance] InitializeOnLoad EditorMonitor                                                                                 :        2 samples, Peak.   546 us (1.2x), Avg.   455 us, Total. 910.9 us (0.0%)
[Performance] InitializeOnLoad RetainedMode                                                                                  :        2 samples, Peak.  1.84 ms (1.0x), Avg.  1.79 ms, Total. 3.583 ms (0.0%)
[Performance] InitializeOnLoad EditorShaderLoader                                                                            :        2 samples, Peak.   541 us (1.0x), Avg.   532 us, Total. 1.063 ms (0.0%)
[Performance] InitializeOnLoad EditorDelegateRegistration                                                                    :        2 samples, Peak.   414 us (1.0x), Avg.   402 us, Total. 804.7 us (0.0%)
[Performance] InitializeOnLoad UIDocumentHierarchyWatcher                                                                    :        2 samples, Peak.  62.4 us (1.0x), Avg.  60.9 us, Total. 121.8 us (0.0%)
[Performance] InitializeOnLoad LiveReloadTrackerCreator                                                                      :        2 samples, Peak.   160 us (1.2x), Avg.   133 us, Total. 265.0 us (0.0%)
[Performance] InitializeOnLoad UxmlObjectEditorFactories                                                                     :        2 samples, Peak.   410 us (1.1x), Avg.   382 us, Total. 763.1 us (0.0%)
[Performance] InitializeOnLoad UXMLEditorFactories                                                                           :        2 samples, Peak.  46.5 ms (1.0x), Avg.  46.3 ms, Total. 92.61 ms (0.7%)
[Performance] InitializeOnLoad PurchasingService                                                                             :        2 samples, Peak.  5.48 ms (1.0x), Avg.  5.45 ms, Total. 10.91 ms (0.1%)
[Performance] InitializeOnLoad CloudBuildPoller                                                                              :        2 samples, Peak.   101 us (1.1x), Avg.  94.2 us, Total. 188.4 us (0.0%)
[Performance] InitializeOnLoad EditorGameServicesAnalytics                                                                   :        2 samples, Peak.  1.28 ms (1.4x), Avg.   935 us, Total. 1.871 ms (0.0%)
[Performance] InitializeOnLoad AnalyticsService                                                                              :        2 samples, Peak.   144 us (1.0x), Avg.   142 us, Total. 283.0 us (0.0%)
[Performance] InitializeOnLoad BuildService                                                                                  :        2 samples, Peak.   119 us (1.0x), Avg.   119 us, Total. 237.6 us (0.0%)
[Performance] InitializeOnLoad AdsService                                                                                    :        2 samples, Peak.   343 us (1.0x), Avg.   332 us, Total. 663.6 us (0.0%)
[Performance] InitializeOnLoad UDPService                                                                                    :        2 samples, Peak.   124 us (1.0x), Avg.   123 us, Total. 246.5 us (0.0%)
[Performance] InitializeOnLoad CrashService                                                                                  :        2 samples, Peak.   118 us (1.0x), Avg.   117 us, Total. 234.7 us (0.0%)
[Performance] InitializeOnLoad ServicesRepository                                                                            :        2 samples, Peak.   500 ns (1.3x), Avg.   400 ns, Total. 800.0 ns (0.0%)
[Performance] InitializeOnLoad SearchWindow                                                                                  :        2 samples, Peak.   106 us (1.1x), Avg.  97.2 us, Total. 194.4 us (0.0%)
[Performance] InitializeOnLoad CustomIndexers                                                                                :        2 samples, Peak.  13.6 ms (1.1x), Avg.  12.1 ms, Total. 24.13 ms (0.2%)
[Performance] InitializeOnLoad SearchMonitor                                                                                 :        2 samples, Peak.   843 us (1.1x), Avg.   786 us, Total. 1.572 ms (0.0%)
[Performance] InitializeOnLoad ParameterControllerEditor                                                                     :        2 samples, Peak.  20.6 us (1.2x), Avg.  17.8 us, Total. 35.70 us (0.0%)
[Performance] InitializeOnLoad LayerSettingsWindow                                                                           :        2 samples, Peak.  19.2 us (1.7x), Avg.  11.5 us, Total. 23.00 us (0.0%)
[Performance] InitializeOnLoad PackageManagerHookGUIDConverter.RegisterPackagesEventHandler                                  :        2 samples, Peak.   721 us (1.7x), Avg.   421 us, Total. 842.3 us (0.0%)
[Performance] InitializeOnLoad EditorDragAndDrop.RegisterEditorClient                                                        :        2 samples, Peak.   220 us (1.0x), Avg.   219 us, Total. 437.7 us (0.0%)
[Performance] InitializeOnLoad EditorEventCallbacks.InitializeFontAssetResourceChangeCallBacks                               :        2 samples, Peak.  1.40 ms (1.1x), Avg.  1.22 ms, Total. 2.448 ms (0.0%)
[Performance] InitializeOnLoad SceneTemplateService.Init                                                                     :        2 samples, Peak.  1.36 ms (1.0x), Avg.  1.34 ms, Total. 2.687 ms (0.0%)
[Performance] InitializeOnLoad DiagnosticSwitchesConsoleMessage.Init                                                         :        2 samples, Peak.  5.27 ms (1.8x), Avg.  2.99 ms, Total. 5.988 ms (0.0%)
[Performance] InitializeOnLoad PackageManagerWindow.EditorInitializedInSafeMode                                              :        2 samples, Peak.  28.9 ms (2.0x), Avg.  14.5 ms, Total. 29.05 ms (0.2%)
[Performance] InitializeOnLoad ToolShortcutContext.Init                                                                      :        2 samples, Peak.   113 us (1.0x), Avg.   113 us, Total. 225.8 us (0.0%)
[Performance] InitializeOnLoad MemoryProfilerCompilationGuard.InjectCompileGuard                                             :        2 samples, Peak.   130 us (1.0x), Avg.   129 us, Total. 257.8 us (0.0%)
[Performance] InitializeOnLoad AssetPostprocessingInternal.RefreshCustomDependencies                                         :        2 samples, Peak.  2.75 ms (1.4x), Avg.  2.01 ms, Total. 4.012 ms (0.0%)
[Performance] InitializeOnLoad SysrootManager.Initialize                                                                     :        2 samples, Peak.   687 us (1.2x), Avg.   553 us, Total. 1.107 ms (0.0%)
[Performance] InitializeOnLoad ScopedRegistryAddedPopup.SubscribeToRegistriesAdded                                           :        2 samples, Peak.  6.99 ms (2.0x), Avg.  3.55 ms, Total. 7.095 ms (0.1%)
[Performance] InitializeOnLoad SceneVisibilityManager.Initialize                                                             :        2 samples, Peak.  3.41 ms (1.6x), Avg.  2.12 ms, Total. 4.231 ms (0.0%)
[Performance] InitializeOnLoad EditorWindow.Initialize                                                                       :        2 samples, Peak.   244 us (1.1x), Avg.   224 us, Total. 448.1 us (0.0%)
[Performance] AssemblyReloadEvents.afterAssemblyReload: UnityEditor.SceneTemplate.SceneTemplateService.AfterAssemblyReload   :        2 samples, Peak.  3.88 ms (1.9x), Avg.  2.07 ms, Total. 4.135 ms (0.0%)
[Performance] ProcessService.EditorAfterLoadAllAssemblies                                                                    :        2 samples, Peak.   272 us (1.1x), Avg.   242 us, Total. 484.9 us (0.0%)
[Performance] Application.ReadLicenseInfo                                                                                    :        1 samples, Peak.  13.0 ms (1.0x), Avg.  13.0 ms, Total. 12.96 ms (0.1%)
[Performance] Application.InitialRefresh                                                                                     :        1 samples, Peak.  4.74 s (1.0x), Avg.  4.74 s, Total. 4.743 s (35.0%)
[Performance] BuilderAssetModificationProcessor.OnWillCreateAsset                                                            :        4 samples, Peak.   928 us (3.8x), Avg.   241 us, Total. 964.4 us (0.0%)
[Performance] ShaderImporter.SourceAssetModified                                                                             :        2 samples, Peak.   800 ns (1.0x), Avg.   800 ns, Total. 1.600 us (0.0%)
[Performance] ShaderIncludeImporter.SourceAssetModified                                                                      :        2 samples, Peak.  1.10 us (1.0x), Avg.  1.05 us, Total. 2.100 us (0.0%)
[Performance] Compiling Scripts                                                                                              :        1 samples, Peak.  2.23 s (1.0x), Avg.  2.23 s, Total. 2.230 s (16.4%)
[Performance] AssemblyReloadEvents.beforeAssemblyReload: UnityEditor.SceneTemplate.SceneTemplateService.BeforeAssemblyReload :        1 samples, Peak.   362 us (1.0x), Avg.   362 us, Total. 362.5 us (0.0%)
[Performance] PresetManagerPostProcessor.OnPreprocessAsset                                                                   :       19 samples, Peak.   926 us (14.2x), Avg.  65.2 us, Total. 1.239 ms (0.0%)
[Performance] CancelSplashScreenOnAssetChange.OnPreprocessAsset                                                              :       19 samples, Peak.   116 us (15.4x), Avg.  7.55 us, Total. 143.4 us (0.0%)
[Performance] InitializeOnLoad PackageEntryPoint                                                                             :        1 samples, Peak.  54.2 ms (1.0x), Avg.  54.2 ms, Total. 54.21 ms (0.4%)
[Performance] InitializeOnLoad UnityInternalsInjector                                                                        :        1 samples, Peak.   774 us (1.0x), Avg.   774 us, Total. 774.0 us (0.0%)
[Performance] InitializeOnLoad UVCSToolbarBoostrap                                                                           :        1 samples, Peak.  41.3 ms (1.0x), Avg.  41.3 ms, Total. 41.35 ms (0.3%)
[Performance] InitializeOnLoad VSUsageUtility                                                                                :        1 samples, Peak.  11.3 ms (1.0x), Avg.  11.3 ms, Total. 11.33 ms (0.1%)
[Performance] InitializeOnLoad BackgroundWatcher                                                                             :        1 samples, Peak.   119 us (1.0x), Avg.   119 us, Total. 119.0 us (0.0%)
[Performance] InitializeOnLoad UnityTestProtocolStarter                                                                      :        1 samples, Peak.   184 us (1.0x), Avg.   184 us, Total. 183.6 us (0.0%)
[Performance] InitializeOnLoad TestStarter                                                                                   :        1 samples, Peak.   446 us (1.0x), Avg.   446 us, Total. 445.6 us (0.0%)
[Performance] InitializeOnLoad RerunCallbackInitializer                                                                      :        1 samples, Peak.  2.82 ms (1.0x), Avg.  2.82 ms, Total. 2.822 ms (0.0%)
[Performance] InitializeOnLoad CoverageReporterStarter                                                                       :        1 samples, Peak.  3.88 ms (1.0x), Avg.  3.88 ms, Total. 3.885 ms (0.0%)
[Performance] InitializeOnLoad VisualStudioEditor                                                                            :        1 samples, Peak.  7.89 ms (1.0x), Avg.  7.89 ms, Total. 7.886 ms (0.1%)
[Performance] InitializeOnLoad TestRunnerApiListener                                                                         :        1 samples, Peak.   359 us (1.0x), Avg.   359 us, Total. 359.2 us (0.0%)
[Performance] InitializeOnLoad VisualStudioIntegration                                                                       :        1 samples, Peak.  1.86 ms (1.0x), Avg.  1.86 ms, Total. 1.864 ms (0.0%)
[Performance] InitializeOnLoad PrefabLayoutRebuilder                                                                         :        1 samples, Peak.   220 us (1.0x), Avg.   220 us, Total. 220.0 us (0.0%)
[Performance] InitializeOnLoad RiderScriptEditor                                                                             :        1 samples, Peak.  4.11 ms (1.0x), Avg.  4.11 ms, Total. 4.109 ms (0.0%)
[Performance] InitializeOnLoad CallbackInitializer                                                                           :        1 samples, Peak.   671 us (1.0x), Avg.   671 us, Total. 670.7 us (0.0%)
[Performance] InitializeOnLoad VSCodeScriptEditor                                                                            :        1 samples, Peak.  2.21 ms (1.0x), Avg.  2.21 ms, Total. 2.212 ms (0.0%)
[Performance] InitializeOnLoad TestJobDataHolder.ResumeRunningJobs                                                           :        1 samples, Peak.   532 us (1.0x), Avg.   532 us, Total. 532.5 us (0.0%)
[Performance] InitializeOnLoad AnalyticsReporter.RegisterCallbacks                                                           :        1 samples, Peak.   158 us (1.0x), Avg.   158 us, Total. 157.8 us (0.0%)
[Performance] InitializeOnLoad VisualStudioEditor.LegacyVisualStudioCodePackageDisabler                                      :        1 samples, Peak.  4.07 ms (1.0x), Avg.  4.07 ms, Total. 4.070 ms (0.0%)
[Performance] DidReloadScriptsTestRunnerWindow.CompilationCallback                                                           :        1 samples, Peak.   725 us (1.0x), Avg.   725 us, Total. 725.0 us (0.0%)
[Performance] DidReloadScriptsTestListCache.ScriptReloaded                                                                   :        1 samples, Peak.  1.07 ms (1.0x), Avg.  1.07 ms, Total. 1.073 ms (0.0%)
[Performance] DidReloadScriptsAdvancedDropdownWindow.OnScriptReload                                                          :        1 samples, Peak.   176 us (1.0x), Avg.   176 us, Total. 176.2 us (0.0%)
[Performance] AssetDatabase.ImportAssets                                                                                     :        3 samples, Peak.  1.70 us (2.1x), Avg.   800 ns, Total. 2.400 us (0.0%)
[Performance] VersionControl.Task.Wait                                                                                       :        1 samples, Peak.  11.2 us (1.0x), Avg.  11.2 us, Total. 11.20 us (0.0%)
[Performance] TMPro_TexturePostProcessor.OnPostprocessAllAssets                                                              :        2 samples, Peak.   637 us (1.1x), Avg.   584 us, Total. 1.168 ms (0.0%)
[Performance] UVCSAssetPostprocessor.OnPostprocessAllAssets                                                                  :        2 samples, Peak.   342 us (1.0x), Avg.   341 us, Total. 681.3 us (0.0%)
[Performance] BuilderAssetPostprocessor.OnPostprocessAllAssets                                                               :        2 samples, Peak.  2.34 ms (1.0x), Avg.  2.34 ms, Total. 4.680 ms (0.0%)
[Performance] ArtifactBrowserPostProcessor.OnPostprocessAllAssets                                                            :        2 samples, Peak.   398 us (1.0x), Avg.   397 us, Total. 794.0 us (0.0%)
[Performance] AssetEvents.OnPostprocessAllAssets                                                                             :        4 samples, Peak.   153 us (1.5x), Avg.  99.6 us, Total. 398.3 us (0.0%)
[Performance] AudioMixerPostprocessor.OnPostprocessAllAssets                                                                 :        2 samples, Peak.   231 us (1.0x), Avg.   229 us, Total. 458.9 us (0.0%)
[Performance] StyleCatalogPostProcessor.OnPostprocessAllAssets                                                               :        2 samples, Peak.  13.9 ms (1.0x), Avg.  13.9 ms, Total. 27.76 ms (0.2%)
[Performance] BuildCatalog                                                                                                   :        1 samples, Peak.  13.0 ms (1.0x), Avg.  13.0 ms, Total. 13.03 ms (0.1%)
[Performance] ModelImporterPostProcessor.OnPostprocessAllAssets                                                              :        2 samples, Peak.   815 us (1.0x), Avg.   813 us, Total. 1.627 ms (0.0%)
[Performance] RetainedModeAssetPostprocessor.OnPostprocessAllAssets                                                          :        2 samples, Peak.  1.90 ms (1.0x), Avg.  1.90 ms, Total. 3.796 ms (0.0%)
[Performance] AssetChangedListener.OnPostprocessAllAssets                                                                    :        2 samples, Peak.  1.26 ms (1.0x), Avg.  1.26 ms, Total. 2.517 ms (0.0%)
[Performance] SpeedTreePostProcessor.OnPostprocessAllAssets                                                                  :        2 samples, Peak.   183 us (1.0x), Avg.   182 us, Total. 363.3 us (0.0%)
[Performance] TextAssetPostProcessor.OnPostprocessAllAssets                                                                  :        2 samples, Peak.   365 us (1.0x), Avg.   364 us, Total. 727.9 us (0.0%)
[Performance] SyncVS.PostprocessSyncProject                                                                                  :        1 samples, Peak.   108 ms (1.0x), Avg.   108 ms, Total. 108.2 ms (0.8%)
[Performance] EditorApplication.projectChanged: UnityEditor.Audio.MixerEffectDefinitionReloader.OnProjectChanged             :        1 samples, Peak.   292 us (1.0x), Avg.   292 us, Total. 291.9 us (0.0%)
[Performance] Application.ImportPackagesAndSetTemplateWhenCreatingProject                                                    :        1 samples, Peak.  10.9 ms (1.0x), Avg.  10.9 ms, Total. 10.87 ms (0.1%)
[Performance] Application.SyncCurrentColorSpace                                                                              :        1 samples, Peak.  7.18 ms (1.0x), Avg.  7.18 ms, Total. 7.176 ms (0.1%)
[Performance] Application.OnUsbDevicesChanged                                                                                :        1 samples, Peak.  45.9 ms (1.0x), Avg.  45.9 ms, Total. 45.85 ms (0.3%)
[Performance] Application.AssetInstanceCacheUpdate                                                                           :        1 samples, Peak.   200 ns (1.0x), Avg.   200 ns, Total. 200.0 ns (0.0%)
[Performance] Application.UnityExtensions.Initialize                                                                         :        1 samples, Peak.  3.39 ms (1.0x), Avg.  3.39 ms, Total. 3.395 ms (0.0%)
[Performance] CodeEditorProjectSync.SyncEditorProject                                                                        :        1 samples, Peak.  49.0 ms (1.0x), Avg.  49.0 ms, Total. 49.04 ms (0.4%)
[Performance] Application.ExecuteStartups                                                                                    :        1 samples, Peak.  34.2 ms (1.0x), Avg.  34.2 ms, Total. 34.24 ms (0.3%)
[Performance] Menu.RegisterMenuInterface                                                                                     :       26 samples, Peak.  1.20 us (5.9x), Avg.   204 ns, Total. 5.300 us (0.0%)
[Performance] Gizmo.RebuildRenderers                                                                                         :        1 samples, Peak.  33.1 ms (1.0x), Avg.  33.1 ms, Total. 33.11 ms (0.2%)
[Performance] Gizmo.AddGizmoRenderers                                                                                        :       62 samples, Peak.  1.20 ms (40.0x), Avg.  30.1 us, Total. 1.869 ms (0.0%)
[Performance] Application.editorInitializingProject                                                                          :        1 samples, Peak.  68.6 ms (1.0x), Avg.  68.6 ms, Total. 68.56 ms (0.5%)
[Performance] Application.InitializeMenu                                                                                     :        1 samples, Peak.  1.57 s (1.0x), Avg.  1.57 s, Total. 1.568 s (11.6%)
[Performance] Menu.RebuildAll                                                                                                :        1 samples, Peak.  1.57 s (1.0x), Avg.  1.57 s, Total. 1.568 s (11.6%)
[Performance] Menu.BuildRegisteredMenuInterfaces                                                                             :        1 samples, Peak.  1.57 s (1.0x), Avg.  1.57 s, Total. 1.565 s (11.5%)
[Performance] Menu.FilterMenuItem                                                                                            :      570 samples, Peak.  28.5 ms (567.0x), Avg.  50.3 us, Total. 28.65 ms (0.2%)
[Performance] UpdateAllMenus                                                                                                 :        1 samples, Peak.   402 us (1.0x), Avg.   402 us, Total. 401.5 us (0.0%)
[Performance] Menu.RebuildOSMainMenu                                                                                         :        2 samples, Peak.  2.27 ms (1.1x), Avg.  2.09 ms, Total. 4.187 ms (0.0%)
[Performance] EditorSceneManager.sceneClosing: UnityEditor.SceneVisibilityManager.EditorSceneManagerOnSceneClosing           :        1 samples, Peak.   265 us (1.0x), Avg.   265 us, Total. 264.9 us (0.0%)
[Performance] GUIView.RepaintAll.PlayerLoopController                                                                        :        1 samples, Peak.  2.50 us (1.0x), Avg.  2.50 us, Total. 2.500 us (0.0%)
[Performance] EditorSceneManager.newSceneCreated: UnityEditor.SceneTemplate.SceneTemplateService.OnNewSceneCreated           :        1 samples, Peak.   202 us (1.0x), Avg.   202 us, Total. 202.2 us (0.0%)
[Performance] EditorSceneManager.newSceneCreated: UnityEditor.SceneVisibilityManager.EditorSceneManagerOnNewSceneCreated     :        1 samples, Peak.   481 us (1.0x), Avg.   481 us, Total. 481.5 us (0.0%)
[Performance] EditorSceneManager.newSceneCreated: UnityEditor.SceneManagement.StageNavigationManager.OnNewSceneCreated       :        1 samples, Peak.  57.2 us (1.0x), Avg.  57.2 us, Total. 57.20 us (0.0%)
[Performance] Application.InvokeFinishedLoadingProject                                                                       :        1 samples, Peak.  11.1 ms (1.0x), Avg.  11.1 ms, Total. 11.09 ms (0.1%)
[Performance] ProcessService.OnProjectLoaded                                                                                 :        1 samples, Peak.  38.0 us (1.0x), Avg.  38.0 us, Total. 38.00 us (0.0%)
[Performance] EditorApplication.quitting: UnityEditor.SettingsManagement.FileSettingsRepository.Save                         :        1 samples, Peak.  1.17 ms (1.0x), Avg.  1.17 ms, Total. 1.171 ms (0.0%)
[Performance] EditorApplication.quitting: callback in UnityEditor.TextCore.Text.EditorEventCallbacks                         :        1 samples, Peak.  5.39 ms (1.0x), Avg.  5.39 ms, Total. 5.386 ms (0.0%)
[Performance] Killing ADB server                                                                                             :        1 samples, Peak.  41.6 ms (1.0x), Avg.  41.6 ms, Total. 41.56 ms (0.3%)
[Performance] Application.Shutdown.PauseProfilerSession                                                                      :        1 samples, Peak.  37.2 us (1.0x), Avg.  37.2 us, Total. 37.20 us (0.0%)
[Performance] Application.Shutdown.PauseAssetImportWorkers                                                                   :        1 samples, Peak.   141 us (1.0x), Avg.   141 us, Total. 141.3 us (0.0%)
[Performance] Application.Shutdown.SaveAssets                                                                                :        1 samples, Peak.  31.8 ms (1.0x), Avg.  31.8 ms, Total. 31.81 ms (0.2%)
[Performance] FlowMacroSavedEvent.OnWillSaveAssets                                                                           :        1 samples, Peak.   297 us (1.0x), Avg.   297 us, Total. 296.8 us (0.0%)
[Performance] StateMacroSavedEvent.OnWillSaveAssets                                                                          :        1 samples, Peak.   167 us (1.0x), Avg.   167 us, Total. 166.6 us (0.0%)
[Performance] UVCSAssetModificationProcessor.OnWillSaveAssets                                                                :        1 samples, Peak.   452 us (1.0x), Avg.   452 us, Total. 452.5 us (0.0%)
[Performance] UnityCloudProjectLinkMonitor.OnWillSaveAssets                                                                  :        1 samples, Peak.   280 us (1.0x), Avg.   280 us, Total. 279.8 us (0.0%)
[Performance] BuilderAssetModificationProcessor.OnWillSaveAssets                                                             :        1 samples, Peak.   353 us (1.0x), Avg.   353 us, Total. 352.9 us (0.0%)
[Performance] TerrainModificationProcessor.OnWillSaveAssets                                                                  :        1 samples, Peak.   695 us (1.0x), Avg.   695 us, Total. 695.1 us (0.0%)
[Performance] Application.Shutdown.CleanupRenderPipeline                                                                     :        1 samples, Peak.  6.10 us (1.0x), Avg.  6.10 us, Total. 6.100 us (0.0%)
[Performance] Application.Shutdown.StopPreloadManager                                                                        :        1 samples, Peak.  9.91 ms (1.0x), Avg.  9.91 ms, Total. 9.911 ms (0.1%)
[Performance] Application.Shutdown.DestroyWorld                                                                              :        1 samples, Peak.   500 us (1.0x), Avg.   500 us, Total. 500.5 us (0.0%)
[Performance] Application.Shutdown.CleanupAfterLoad                                                                          :        1 samples, Peak.  2.87 ms (1.0x), Avg.  2.87 ms, Total. 2.867 ms (0.0%)
[Performance] Application.Shutdown.Progress                                                                                  :        1 samples, Peak.  9.70 us (1.0x), Avg.  9.70 us, Total. 9.700 us (0.0%)
[Performance] Application.Shutdown.GICleanupManagers                                                                         :        1 samples, Peak.   379 us (1.0x), Avg.   379 us, Total. 379.2 us (0.0%)
[Performance] Application.Shutdown.MenuCleanupClass                                                                          :        1 samples, Peak.   168 us (1.0x), Avg.   168 us, Total. 168.4 us (0.0%)
[Performance] Application.Shutdown.ADBSaveStateBeforeShutdown                                                                :        1 samples, Peak.  8.50 us (1.0x), Avg.  8.50 us, Total. 8.500 us (0.0%)
[Performance] Application.Shutdown.RemoteShutdown                                                                            :        1 samples, Peak.  1000 ns (1.0x), Avg.  1000 ns, Total. 1000.0 ns (0.0%)
[Performance] Application.Shutdown.CleanupVCProvider                                                                         :        1 samples, Peak.  8.90 us (1.0x), Avg.  8.90 us, Total. 8.900 us (0.0%)
[Performance] Application.Shutdown.InputShutdown                                                                             :        1 samples, Peak.  1.90 us (1.0x), Avg.  1.90 us, Total. 1.900 us (0.0%)
[Performance] Application.Shutdown.GizmoManagerDestroy                                                                       :        1 samples, Peak.   639 us (1.0x), Avg.   639 us, Total. 639.2 us (0.0%)
[Performance] Application.Shutdown.ProfilerSession                                                                           :        1 samples, Peak.   136 us (1.0x), Avg.   136 us, Total. 135.8 us (0.0%)
[Performance] Application.Shutdown.ReleaseGfxWindowOnAllGUIViews                                                             :        1 samples, Peak.   300 ns (1.0x), Avg.   300 ns, Total. 300.0 ns (0.0%)
[Performance] Application.Shutdown.CleanupEngine                                                                             :        1 samples, Peak.   120 ms (1.0x), Avg.   120 ms, Total. 120.1 ms (0.9%)
[Performance] Application.Shutdown.CleanupAssetDatabase                                                                      :        1 samples, Peak.  4.75 ms (1.0x), Avg.  4.75 ms, Total. 4.745 ms (0.0%)
[Performance] Application.Shutdown.ScriptCompilationCleanUp                                                                  :        1 samples, Peak.  13.7 ms (1.0x), Avg.  13.7 ms, Total. 13.74 ms (0.1%)
[Performance] Application.Shutdown.DestroyJobSystem                                                                          :        1 samples, Peak.  86.2 us (1.0x), Avg.  86.2 us, Total. 86.20 us (0.0%)
[Performance] Application.Shutdown.CleanupPersistentManager                                                                  :        1 samples, Peak.  1.39 ms (1.0x), Avg.  1.39 ms, Total. 1.394 ms (0.0%)
[Performance] Application.Shutdown.CleanupAsyncReadManager                                                                   :        1 samples, Peak.   230 us (1.0x), Avg.   230 us, Total. 230.1 us (0.0%)
[Performance] Application.Shutdown.CleanupProgressBar                                                                        :        1 samples, Peak.   400 ns (1.0x), Avg.   400 ns, Total. 400.0 ns (0.0%)
[Performance] Application.Shutdown.CleanupMono                                                                               :        1 samples, Peak.  45.7 ms (1.0x), Avg.  45.7 ms, Total. 45.72 ms (0.3%)
[Performance] Application.Shutdown.CleanupStdConverters                                                                      :        1 samples, Peak.  7.50 us (1.0x), Avg.  7.50 us, Total. 7.500 us (0.0%)
[Performance] Application.Shutdown.UnloadAllPlatformSupportModuleNativeDlls                                                  :        1 samples, Peak.   600 ns (1.0x), Avg.   600 ns, Total. 600.0 ns (0.0%)
[Performance] Application.Shutdown.UnloadAllPlatformSupportNativeLibraries                                                   :        1 samples, Peak.   200 ns (1.0x), Avg.   200 ns, Total. 200.0 ns (0.0%)
[Performance] Application.Shutdown.CleanupAutoDocumentation                                                                  :        1 samples, Peak.   336 us (1.0x), Avg.   336 us, Total. 335.7 us (0.0%)
[Performance] Application.Shutdown.ShaderNameManagerDestroy                                                                  :        1 samples, Peak.  55.2 us (1.0x), Avg.  55.2 us, Total. 55.20 us (0.0%)
[Performance] Application.Shutdown.CleanupCacheServer                                                                        :        1 samples, Peak. 0.0 (-nan(ind)x), Avg. 0.0, Total. 0.0 (0.0%)
[Performance] Application.Shutdown.Virtualization_Shutdown                                                                   :        1 samples, Peak.   400 ns (1.0x), Avg.   400 ns, Total. 400.0 ns (0.0%)
[Performance] Application.Shutdown.DevConnections                                                                            :        1 samples, Peak.  87.9 us (1.0x), Avg.  87.9 us, Total. 87.90 us (0.0%)
Exiting batchmode successfully now!
Exiting without the bug reporter. Application will terminate with return code 0